<?xml version="1.0" encoding="UTF-8"?>
<testsuite xmlns:xsi="http://www.w3.org/2001/XMLSchema-instance" xsi:noNamespaceSchemaLocation="https://maven.apache.org/surefire/maven-surefire-plugin/xsd/surefire-test-report-3.0.xsd" version="3.0" name="com.haiya.user.entity.UserTest" time="0.124" tests="3" errors="0" skipped="0" failures="0">
  <properties>
[...]
</properties>
  <testcase name="testUserSettersAndGetters" classname="com.haiya.user.entity.UserTest" time="0.048"/>
  <testcase name="testUserCreation" classname="com.haiya.user.entity.UserTest" time="0.0"/>
  <testcase name="testUserPreUpdate" classname="com.haiya.user.entity.UserTest" time="0.045"/>
</testsuite>